<?xml version="1.0" encoding="UTF-8"?>
<testsuite xmlns:xsi="http://www.w3.org/2001/XMLSchema-instance" xsi:noNamespaceSchemaLocation="https://maven.apache.org/surefire/maven-surefire-plugin/xsd/surefire-test-report.xsd" version="3.0.2" name="com.pruebaAPI.restapi.RestapiApplicationTests" time="14.728" tests="1" errors="0" skipped="0" failures="0">
  <properties>
[...]
</properties>
  <testcase name="contextLoads" classname="com.pruebaAPI.restapi.RestapiApplicationTests" time="3.03">
    <system-out><![CDATA[13:11:01.323 [main] INFO org.springframework.test.context.support.AnnotationConfigContextLoaderUtils -- Could not detect default configuration classes for test class [com.pruebaAPI.restapi.RestapiApplicationTests]: RestapiApplicationTests does not declare any static, non-private, non-final, nested classes annotated with @Configuration.
13:11:01.641 [main] INFO org.springframework.boot.test.context.SpringBootTestContextBootstrapper -- Found @SpringBootConfiguration com.pruebaAPI.restapi.RestapiApplication for test class com.pruebaAPI.restapi.RestapiApplicationTests

  .   ____          _            __ _ _
 /\\ / ___'_ __ _ _(_)_ __  __ _ \ \ \ \
( ( )\___ | '_ | '_| | '_ \/ _` | \ \ \ \
 \\/  ___)| |_)| | | | | || (_| |  ) ) ) )
  '  |____| .__|_| |_|_| |_\__, | / / / /
 =========|_|==============|___/=/_/_/_/

 :: Spring Boot ::                (v3.4.3)

2025-03-28T13:11:03.147+01:00  INFO 9088 --- [           main] c.p.restapi.RestapiApplicationTests      : Starting RestapiApplicationTests using Java 23.0.2 with PID 9088 (started by JVB in E:\Spring\restapi)
2025-03-28T13:11:03.147+01:00  INFO 9088 --- [           main] c.p.restapi.RestapiApplicationTests      : No active profile set, falling back to 1 default profile: "default"
2025-03-28T13:11:05.870+01:00  INFO 9088 --- [           main] .s.d.r.c.RepositoryConfigurationDelegate : Bootstrapping Spring Data MongoDB repositories in DEFAULT mode.
2025-03-28T13:11:06.111+01:00  INFO 9088 --- [           main] .s.d.r.c.RepositoryConfigurationDelegate : Finished Spring Data repository scanning in 204 ms. Found 2 MongoDB repository interfaces.
2025-03-28T13:11:07.631+01:00  INFO 9088 --- [kjw.mongodb.net] org.mongodb.driver.cluster               : Adding discovered server pruebamongo-shard-00-02.zfkjw.mongodb.net:27017 to client view of cluster
2025-03-28T13:11:07.777+01:00  INFO 9088 --- [           main] org.mongodb.driver.client                : MongoClient with metadata {"application": {"name": "PruebaMongo"}, "driver": {"name": "mongo-java-driver|sync|spring-boot", "version": "5.2.1"}, "os": {"type": "Windows", "name": "Windows 11", "architecture": "amd64", "version": "10.0"}, "platform": "Java/Oracle Corporation/23.0.2+7-58"} created with settings MongoClientSettings{readPreference=primary, writeConcern=WriteConcern{w=majority, wTimeout=null ms, journal=null}, retryWrites=true, retryReads=true, readConcern=ReadConcern{level=null}, credential=MongoCredential{mechanism=null, userName='jesusviejo', source='admin', password=<hidden>, mechanismProperties=<hidden>}, transportSettings=null, commandListeners=[], codecRegistry=ProvidersCodecRegistry{codecProviders=[ValueCodecProvider{}, BsonValueCodecProvider{}, DBRefCodecProvider{}, DBObjectCodecProvider{}, DocumentCodecProvider{}, CollectionCodecProvider{}, IterableCodecProvider{}, MapCodecProvider{}, GeoJsonCodecProvider{}, GridFSFileCodecProvider{}, Jsr310CodecProvider{}, JsonObjectCodecProvider{}, BsonCodecProvider{}, EnumCodecProvider{}, com.mongodb.client.model.mql.ExpressionCodecProvider@4ed15347, com.mongodb.Jep395RecordCodecProvider@6963b88c, com.mongodb.KotlinCodecProvider@ab24484]}, loggerSettings=LoggerSettings{maxDocumentLength=1000}, clusterSettings={hosts=[127.0.0.1:27017], srvHost=pruebamongo.zfkjw.mongodb.net, srvServiceName=mongodb, mode=MULTIPLE, requiredClusterType=REPLICA_SET, requiredReplicaSetName='atlas-eky9vp-shard-0', serverSelector='null', clusterListeners='[]', serverSelectionTimeout='30000 ms', localThreshold='15 ms'}, socketSettings=SocketSettings{connectTimeoutMS=10000, readTimeoutMS=0, receiveBufferSize=0, proxySettings=ProxySettings{host=null, port=null, username=null, password=null}}, heartbeatSocketSettings=SocketSettings{connectTimeoutMS=10000, readTimeoutMS=10000, receiveBufferSize=0, proxySettings=ProxySettings{host=null, port=null, username=null, password=null}}, connectionPoolSettings=ConnectionPoolSettings{maxSize=100, minSize=0, maxWaitTimeMS=120000, maxConnectionLifeTimeMS=0, maxConnectionIdleTimeMS=0, maintenanceInitialDelayMS=0, maintenanceFrequencyMS=60000, connectionPoolListeners=[], maxConnecting=2}, serverSettings=ServerSettings{heartbeatFrequencyMS=10000, minHeartbeatFrequencyMS=500, serverMonitoringMode=AUTO, serverListeners='[]', serverMonitorListeners='[]'}, sslSettings=SslSettings{enabled=true, invalidHostNameAllowed=false, context=null}, applicationName='PruebaMongo', compressorList=[], uuidRepresentation=JAVA_LEGACY, serverApi=null, autoEncryptionSettings=null, dnsClient=null, inetAddressResolver=null, contextProvider=null, timeoutMS=null}
2025-03-28T13:11:07.795+01:00  INFO 9088 --- [kjw.mongodb.net] org.mongodb.driver.cluster               : Adding discovered server pruebamongo-shard-00-00.zfkjw.mongodb.net:27017 to client view of cluster
2025-03-28T13:11:07.798+01:00  INFO 9088 --- [kjw.mongodb.net] org.mongodb.driver.cluster               : Adding discovered server pruebamongo-shard-00-01.zfkjw.mongodb.net:27017 to client view of cluster
2025-03-28T13:11:09.727+01:00  INFO 9088 --- [ngodb.net:27017] org.mongodb.driver.cluster               : Monitor thread successfully connected to server with description ServerDescription{address=pruebamongo-shard-00-02.zfkjw.mongodb.net:27017, type=REPLICA_SET_SECONDARY, cryptd=false, state=CONNECTED, ok=true, minWireVersion=0, maxWireVersion=25, maxDocumentSize=16777216, logicalSessionTimeoutMinutes=30, roundTripTimeNanos=1154048800, minRoundTripTimeNanos=0, setName='atlas-eky9vp-shard-0', canonicalAddress=pruebamongo-shard-00-02.zfkjw.mongodb.net:27017, hosts=[pruebamongo-shard-00-00.zfkjw.mongodb.net:27017, pruebamongo-shard-00-01.zfkjw.mongodb.net:27017, pruebamongo-shard-00-02.zfkjw.mongodb.net:27017], passives=[], arbiters=[], primary='pruebamongo-shard-00-01.zfkjw.mongodb.net:27017', tagSet=TagSet{[Tag{name='availabilityZone', value='euw3-az3'}, Tag{name='diskState', value='READY'}, Tag{name='nodeType', value='ELECTABLE'}, Tag{name='provider', value='AWS'}, Tag{name='region', value='EU_WEST_3'}, Tag{name='workloadType', value='OPERATIONAL'}]}, electionId=null, setVersion=4, topologyVersion=TopologyVersion{processId=67db005e53b929a662ecb4fd, counter=3}, lastWriteDate=Fri Mar 28 13:10:41 CET 2025, lastUpdateTimeNanos=6107929325600}
2025-03-28T13:11:09.727+01:00  INFO 9088 --- [ngodb.net:27017] org.mongodb.driver.cluster               : Monitor thread successfully connected to server with description ServerDescription{address=pruebamongo-shard-00-00.zfkjw.mongodb.net:27017, type=REPLICA_SET_SECONDARY, cryptd=false, state=CONNECTED, ok=true, minWireVersion=0, maxWireVersion=25, maxDocumentSize=16777216, logicalSessionTimeoutMinutes=30, roundTripTimeNanos=1148595100, minRoundTripTimeNanos=0, setName='atlas-eky9vp-shard-0', canonicalAddress=pruebamongo-shard-00-00.zfkjw.mongodb.net:27017, hosts=[pruebamongo-shard-00-00.zfkjw.mongodb.net:27017, pruebamongo-shard-00-01.zfkjw.mongodb.net:27017, pruebamongo-shard-00-02.zfkjw.mongodb.net:27017], passives=[], arbiters=[], primary='pruebamongo-shard-00-01.zfkjw.mongodb.net:27017', tagSet=TagSet{[Tag{name='availabilityZone', value='euw3-az1'}, Tag{name='diskState', value='READY'}, Tag{name='nodeType', value='ELECTABLE'}, Tag{name='provider', value='AWS'}, Tag{name='region', value='EU_WEST_3'}, Tag{name='workloadType', value='OPERATIONAL'}]}, electionId=null, setVersion=4, topologyVersion=TopologyVersion{processId=67d85cf5ca43e2169b61781c, counter=4}, lastWriteDate=Fri Mar 28 13:10:41 CET 2025, lastUpdateTimeNanos=6107929326400}
2025-03-28T13:11:09.727+01:00  INFO 9088 --- [ngodb.net:27017] org.mongodb.driver.cluster               : Monitor thread successfully connected to server with description ServerDescription{address=pruebamongo-shard-00-01.zfkjw.mongodb.net:27017, type=REPLICA_SET_PRIMARY, cryptd=false, state=CONNECTED, ok=true, minWireVersion=0, maxWireVersion=25, maxDocumentSize=16777216, logicalSessionTimeoutMinutes=30, roundTripTimeNanos=1154095300, minRoundTripTimeNanos=0, setName='atlas-eky9vp-shard-0', canonicalAddress=pruebamongo-shard-00-01.zfkjw.mongodb.net:27017, hosts=[pruebamongo-shard-00-00.zfkjw.mongodb.net:27017, pruebamongo-shard-00-01.zfkjw.mongodb.net:27017, pruebamongo-shard-00-02.zfkjw.mongodb.net:27017], passives=[], arbiters=[], primary='pruebamongo-shard-00-01.zfkjw.mongodb.net:27017', tagSet=TagSet{[Tag{name='availabilityZone', value='euw3-az2'}, Tag{name='diskState', value='READY'}, Tag{name='nodeType', value='ELECTABLE'}, Tag{name='provider', value='AWS'}, Tag{name='region', value='EU_WEST_3'}, Tag{name='workloadType', value='OPERATIONAL'}]}, electionId=7fffffff000000000000001f, setVersion=4, topologyVersion=TopologyVersion{processId=67d32101e2d776d4217a3464, counter=6}, lastWriteDate=Fri Mar 28 13:10:41 CET 2025, lastUpdateTimeNanos=6107929325700}
2025-03-28T13:11:09.749+01:00  INFO 9088 --- [ngodb.net:27017] org.mongodb.driver.cluster               : Discovered replica set primary pruebamongo-shard-00-01.zfkjw.mongodb.net:27017 with max election id 7fffffff000000000000001f and max set version 4
2025-03-28T13:11:10.565+01:00  INFO 9088 --- [           main] o.s.b.a.w.s.WelcomePageHandlerMapping    : Adding welcome page template: index
2025-03-28T13:11:12.395+01:00  INFO 9088 --- [           main] c.p.restapi.RestapiApplicationTests      : Started RestapiApplicationTests in 10.379 seconds (process running for 13.068)
]]></system-out>
    <system-err><![CDATA[Mockito is currently self-attaching to enable the inline-mock-maker. This will no longer work in future releases of the JDK. Please add Mockito as an agent to your build what is described in Mockito's documentation: https://javadoc.io/doc/org.mockito/mockito-core/latest/org/mockito/Mockito.html#0.3
WARNING: A Java agent has been loaded dynamically (C:\Users\JVB\.m2\repository\net\bytebuddy\byte-buddy-agent\1.15.11\byte-buddy-agent-1.15.11.jar)
WARNING: If a serviceability tool is in use, please run with -XX:+EnableDynamicAgentLoading to hide this warning
WARNING: If a serviceability tool is not in use, please run with -Djdk.instrument.traceUsage for more information
WARNING: Dynamic loading of agents will be disallowed by default in a future release
]]></system-err>
  </testcase>
</testsuite>